User belongs to experiment group 'AlwaysDisplayTestExplorer - control'
User belongs to experiment group 'ShowPlayIcon - start'
User belongs to experiment group 'ShowExtensionSurveyPrompt - control'
User belongs to experiment group 'UseTerminalToGetActivatedEnvVars - control'
User belongs to experiment group 'LocalZMQKernel - control'
User belongs to experiment group 'CollectLSRequestTiming - control'
User belongs to experiment group 'CollectNodeLSRequestTiming - experiment'
User belongs to experiment group 'EnableIPyWidgets - experiment'
User belongs to experiment group 'RunByLine - control'
User belongs to experiment group 'CustomEditorSupport - control'
> conda --version
> pyenv root
> conda info --json
> python3.7 ~/.vscode/extensions/ms-python.python-2020.6.88468/pythonFiles/pyvsc-run-isolated.py -c "import sys;print(sys.executable)"
> python ~/.vscode/extensions/ms-python.python-2020.6.88468/pythonFiles/pyvsc-run-isolated.py -c "import sys;print(sys.executable)"
> python ~/.vscode/extensions/ms-python.python-2020.6.88468/pythonFiles/pyvsc-run-isolated.py -c "import sys;print(sys.executable)"
> python3.6 ~/.vscode/extensions/ms-python.python-2020.6.88468/pythonFiles/pyvsc-run-isolated.py -c "import sys;print(sys.executable)"
> python2 ~/.vscode/extensions/ms-python.python-2020.6.88468/pythonFiles/pyvsc-run-isolated.py -c "import sys;print(sys.executable)"
> python3 ~/.vscode/extensions/ms-python.python-2020.6.88468/pythonFiles/pyvsc-run-isolated.py -c "import sys;print(sys.executable)"
> python ~/.vscode/extensions/ms-python.python-2020.6.88468/pythonFiles/pyvsc-run-isolated.py -c "import sys;print(sys.executable)"
> python ~/.vscode/extensions/ms-python.python-2020.6.88468/pythonFiles/pyvsc-run-isolated.py -c "import sys;print(sys.executable)"
> conda env list
> conda env list
Python interpreter path: /bin/python3
Starting Jedi Python language engine.
> /bin/python3 ~/.vscode/extensions/ms-python.python-2020.6.88468/pythonFiles/pyvsc-run-isolated.py -c "import sys;print(sys.executable)"
> /bin/python3 ~/.vscode/extensions/ms-python.python-2020.6.88468/pythonFiles/pyvsc-run-isolated.py -c "import sys;print(sys.prefix)"
cwd: ~/Documents/Misc Projects/Arm Control Python
> /bin/python3 ~/.vscode/extensions/ms-python.python-2020.6.88468/pythonFiles/pyvsc-run-isolated.py -c "import sys;print(sys.prefix)"
cwd: ~/Documents/Misc Projects/Arm Control Python
> /bin/python3 ~/.vscode/extensions/ms-python.python-2020.6.88468/pythonFiles/pyvsc-run-isolated.py -c "import sys;print(sys.executable)"
cwd: ~/Documents/Misc Projects/Arm Control Python
> /bin/python3 ~/.vscode/extensions/ms-python.python-2020.6.88468/pythonFiles/pyvsc-run-isolated.py -c "import sys;print(sys.executable)"
cwd: ~/Documents/Misc Projects/Arm Control Python
> /bin/python3 ~/.vscode/extensions/ms-python.python-2020.6.88468/pythonFiles/pyvsc-run-isolated.py -c "from distutils.sysconfig import get_python_lib; print(get_python_lib())"
cwd: ~/Documents/Misc Projects/Arm Control Python
> /bin/python3 ~/.vscode/extensions/ms-python.python-2020.6.88468/pythonFiles/pyvsc-run-isolated.py -c "from distutils.sysconfig import get_python_lib; print(get_python_lib())"
cwd: ~/Documents/Misc Projects/Arm Control Python
> /bin/python3 ~/.vscode/extensions/ms-python.python-2020.6.88468/pythonFiles/pyvsc-run-isolated.py site --user-site
cwd: ~/Documents/Misc Projects/Arm Control Python
> /bin/python3 ~/.vscode/extensions/ms-python.python-2020.6.88468/pythonFiles/pyvsc-run-isolated.py site --user-site
cwd: ~/Documents/Misc Projects/Arm Control Python
> ~/.conda/envs/testenv/bin/python ~/.vscode/extensions/ms-python.python-2020.6.88468/pythonFiles/pyvsc-run-isolated.py -c "import jupyter"
> ~/.conda/envs/testenv/bin/python ~/.vscode/extensions/ms-python.python-2020.6.88468/pythonFiles/pyvsc-run-isolated.py -c "import jupyter"
> ~/.conda/envs/testenv/bin/python ~/.vscode/extensions/ms-python.python-2020.6.88468/pythonFiles/pyvsc-run-isolated.py -c "import notebook"
> ~/.conda/envs/testenv/bin/python ~/.vscode/extensions/ms-python.python-2020.6.88468/pythonFiles/pyvsc-run-isolated.py -c "import notebook"
> /bin/python3 ~/.vscode/extensions/ms-python.python-2020.6.88468/pythonFiles/pyvsc-run-isolated.py ~/.vscode/extensions/ms-python.python-2020.6.88468/pythonFiles/completion.py
> /bin/python3 ~/.vscode/extensions/ms-python.python-2020.6.88468/pythonFiles/pyvsc-run-isolated.py ~/.vscode/extensions/ms-python.python-2020.6.88468/pythonFiles/completion.py
> /bin/python3 ~/.vscode/extensions/ms-python.python-2020.6.88468/pythonFiles/pyvsc-run-isolated.py pylint --disable=all --enable=F,unreachable,duplicate-key,unnecessary-semicolon,global-variable-not-assigned,unused-variable,unused-wildcard-import,binary-op-exception,bad-format-string,anomalous-backslash-in-string,bad-open-mode,E0001,E0011,E0012,E0100,E0101,E0102,E0103,E0104,E0105,E0107,E0108,E0110,E0111,E0112,E0113,E0114,E0115,E0116,E0117,E0118,E0202,E0203,E0211,E0213,E0236,E0237,E0238,E0239,E0240,E0241,E0301,E0302,E0303,E0401,E0402,E0601,E0602,E0603,E0604,E0611,E0632,E0633,E0701,E0702,E0703,E0704,E0710,E0711,E0712,E1003,E1101,E1102,E1111,E1120,E1121,E1123,E1124,E1125,E1126,E1127,E1128,E1129,E1130,E1131,E1132,E1133,E1134,E1135,E1136,E1137,E1138,E1139,E1200,E1201,E1205,E1206,E1300,E1301,E1302,E1303,E1304,E1305,E1306,E1310,E1700,E1701 --msg-template='{line},{column},{category},{symbol}:{msg}' --reports=n --output-format=text "~/Documents/Misc Projects/Arm Control Python/Tests/pyside_test.py"
cwd: ~/Documents/Misc Projects/Arm Control Python
> /bin/python3 ~/.vscode/extensions/ms-python.python-2020.6.88468/pythonFiles/pyvsc-run-isolated.py pylint --disable=all --enable=F,unreachable,duplicate-key,unnecessary-semicolon,global-variable-not-assigned,unused-variable,unused-wildcard-import,binary-op-exception,bad-format-string,anomalous-backslash-in-string,bad-open-mode,E0001,E0011,E0012,E0100,E0101,E0102,E0103,E0104,E0105,E0107,E0108,E0110,E0111,E0112,E0113,E0114,E0115,E0116,E0117,E0118,E0202,E0203,E0211,E0213,E0236,E0237,E0238,E0239,E0240,E0241,E0301,E0302,E0303,E0401,E0402,E0601,E0602,E0603,E0604,E0611,E0632,E0633,E0701,E0702,E0703,E0704,E0710,E0711,E0712,E1003,E1101,E1102,E1111,E1120,E1121,E1123,E1124,E1125,E1126,E1127,E1128,E1129,E1130,E1131,E1132,E1133,E1134,E1135,E1136,E1137,E1138,E1139,E1200,E1201,E1205,E1206,E1300,E1301,E1302,E1303,E1304,E1305,E1306,E1310,E1700,E1701 --msg-template='{line},{column},{category},{symbol}:{msg}' --reports=n --output-format=text "~/Documents/Misc Projects/Arm Control Python/Tests/pyside_test.py"
cwd: ~/Documents/Misc Projects/Arm Control Python
##########Linting Output - pylint##########
************* Module pyside_test
31,26,error,syntax-error:invalid syntax (<unknown>, line 31)
> /bin/python3 ~/.vscode/extensions/ms-python.python-2020.6.88468/pythonFiles/pyvsc-run-isolated.py pylint --disable=all --enable=F,unreachable,duplicate-key,unnecessary-semicolon,global-variable-not-assigned,unused-variable,unused-wildcard-import,binary-op-exception,bad-format-string,anomalous-backslash-in-string,bad-open-mode,E0001,E0011,E0012,E0100,E0101,E0102,E0103,E0104,E0105,E0107,E0108,E0110,E0111,E0112,E0113,E0114,E0115,E0116,E0117,E0118,E0202,E0203,E0211,E0213,E0236,E0237,E0238,E0239,E0240,E0241,E0301,E0302,E0303,E0401,E0402,E0601,E0602,E0603,E0604,E0611,E0632,E0633,E0701,E0702,E0703,E0704,E0710,E0711,E0712,E1003,E1101,E1102,E1111,E1120,E1121,E1123,E1124,E1125,E1126,E1127,E1128,E1129,E1130,E1131,E1132,E1133,E1134,E1135,E1136,E1137,E1138,E1139,E1200,E1201,E1205,E1206,E1300,E1301,E1302,E1303,E1304,E1305,E1306,E1310,E1700,E1701 --msg-template='{line},{column},{category},{symbol}:{msg}' --reports=n --output-format=text "~/Documents/Misc Projects/Arm Control Python/main.py"
cwd: ~/Documents/Misc Projects/Arm Control Python
> /bin/python3 ~/.vscode/extensions/ms-python.python-2020.6.88468/pythonFiles/pyvsc-run-isolated.py pylint --disable=all --enable=F,unreachable,duplicate-key,unnecessary-semicolon,global-variable-not-assigned,unused-variable,unused-wildcard-import,binary-op-exception,bad-format-string,anomalous-backslash-in-string,bad-open-mode,E0001,E0011,E0012,E0100,E0101,E0102,E0103,E0104,E0105,E0107,E0108,E0110,E0111,E0112,E0113,E0114,E0115,E0116,E0117,E0118,E0202,E0203,E0211,E0213,E0236,E0237,E0238,E0239,E0240,E0241,E0301,E0302,E0303,E0401,E0402,E0601,E0602,E0603,E0604,E0611,E0632,E0633,E0701,E0702,E0703,E0704,E0710,E0711,E0712,E1003,E1101,E1102,E1111,E1120,E1121,E1123,E1124,E1125,E1126,E1127,E1128,E1129,E1130,E1131,E1132,E1133,E1134,E1135,E1136,E1137,E1138,E1139,E1200,E1201,E1205,E1206,E1300,E1301,E1302,E1303,E1304,E1305,E1306,E1310,E1700,E1701 --msg-template='{line},{column},{category},{symbol}:{msg}' --reports=n --output-format=text "~/Documents/Misc Projects/Arm Control Python/main.py"
cwd: ~/Documents/Misc Projects/Arm Control Python
> /bin/python3 ~/.vscode/extensions/ms-python.python-2020.6.88468/pythonFiles/pyvsc-run-isolated.py -c "import sys;print(sys.executable)"
##########Linting Output - pylint##########
> /bin/python3 ~/.vscode/extensions/ms-python.python-2020.6.88468/pythonFiles/pyvsc-run-isolated.py pylint --disable=all --enable=F,unreachable,duplicate-key,unnecessary-semicolon,global-variable-not-assigned,unused-variable,unused-wildcard-import,binary-op-exception,bad-format-string,anomalous-backslash-in-string,bad-open-mode,E0001,E0011,E0012,E0100,E0101,E0102,E0103,E0104,E0105,E0107,E0108,E0110,E0111,E0112,E0113,E0114,E0115,E0116,E0117,E0118,E0202,E0203,E0211,E0213,E0236,E0237,E0238,E0239,E0240,E0241,E0301,E0302,E0303,E0401,E0402,E0601,E0602,E0603,E0604,E0611,E0632,E0633,E0701,E0702,E0703,E0704,E0710,E0711,E0712,E1003,E1101,E1102,E1111,E1120,E1121,E1123,E1124,E1125,E1126,E1127,E1128,E1129,E1130,E1131,E1132,E1133,E1134,E1135,E1136,E1137,E1138,E1139,E1200,E1201,E1205,E1206,E1300,E1301,E1302,E1303,E1304,E1305,E1306,E1310,E1700,E1701 --msg-template='{line},{column},{category},{symbol}:{msg}' --reports=n --output-format=text "~/Documents/Misc Projects/Arm Control Python/classes.py"
cwd: ~/Documents/Misc Projects/Arm Control Python
> /bin/python3 ~/.vscode/extensions/ms-python.python-2020.6.88468/pythonFiles/pyvsc-run-isolated.py pylint --disable=all --enable=F,unreachable,duplicate-key,unnecessary-semicolon,global-variable-not-assigned,unused-variable,unused-wildcard-import,binary-op-exception,bad-format-string,anomalous-backslash-in-string,bad-open-mode,E0001,E0011,E0012,E0100,E0101,E0102,E0103,E0104,E0105,E0107,E0108,E0110,E0111,E0112,E0113,E0114,E0115,E0116,E0117,E0118,E0202,E0203,E0211,E0213,E0236,E0237,E0238,E0239,E0240,E0241,E0301,E0302,E0303,E0401,E0402,E0601,E0602,E0603,E0604,E0611,E0632,E0633,E0701,E0702,E0703,E0704,E0710,E0711,E0712,E1003,E1101,E1102,E1111,E1120,E1121,E1123,E1124,E1125,E1126,E1127,E1128,E1129,E1130,E1131,E1132,E1133,E1134,E1135,E1136,E1137,E1138,E1139,E1200,E1201,E1205,E1206,E1300,E1301,E1302,E1303,E1304,E1305,E1306,E1310,E1700,E1701 --msg-template='{line},{column},{category},{symbol}:{msg}' --reports=n --output-format=text "~/Documents/Misc Projects/Arm Control Python/classes.py"
cwd: ~/Documents/Misc Projects/Arm Control Python
##########Linting Output - pylint##########
************* Module classes
1,0,error,import-error:Unable to import 'numpy'
2,0,error,import-error:Unable to import 'matplotlib'

-----------------------------------
Your code has been rated at 6.30/10

