Looking for git in: git
Using git 2.25.1 from git
> git rev-parse --show-toplevel
> git rev-parse --git-dir
Open repository: /media/kyle/shared_fs_mountpoint/Documents/Academic/Neuromatch Academy/Course Content
> git status -z -u
> git check-ignore -v -z --stdin
> git symbolic-ref --short HEAD
> git rev-parse master
> git rev-parse --symbolic-full-name master@{u}
> git rev-list --left-right master...refs/remotes/origin/master
> git for-each-ref --sort -committerdate --format %(refname) %(objectname)
> git remote --verbose
> git config --get commit.template
> git rev-parse --show-toplevel
> git rev-parse --git-dir
Open repository: /media/kyle/shared_fs_mountpoint/Documents/Academic/Neuromatch Academy/NMA_Project_Ruby_Ermines
> git status -z -u
> git symbolic-ref --short HEAD
> git rev-parse Testing
> git rev-parse --symbolic-full-name Testing@{u}
> git rev-list --left-right Testing...refs/remotes/origin/Testing
> git for-each-ref --sort -committerdate --format %(refname) %(objectname)
> git remote --verbose
> git config --get commit.template
> git rev-parse --show-toplevel
> git rev-parse --git-dir
Open repository: /media/kyle/shared_fs_mountpoint/Documents/Notes
> git status -z -u
> git symbolic-ref --short HEAD
> git rev-parse master
> git rev-parse --symbolic-full-name master@{u}
> git rev-list --left-right master...refs/remotes/origin/master
> git for-each-ref --sort -committerdate --format %(refname) %(objectname)
> git remote --verbose
> git config --get commit.template
> git show --textconv HEAD:Code/Tests/download_data.py
> git ls-tree -l HEAD -- /media/kyle/shared_fs_mountpoint/Documents/Academic/Neuromatch Academy/NMA_Project_Ruby_Ermines/Code/Tests/download_data.py
> git check-ignore -v -z --stdin
> git check-ignore -v -z --stdin
> git check-ignore -v -z --stdin
> git check-ignore -v -z --stdin
> git check-ignore -v -z --stdin
> git check-ignore -v -z --stdin
> git check-ignore -v -z --stdin
> git check-ignore -v -z --stdin
> git commit --quiet --allow-empty-message --file -

*** Please tell me who you are.

Run

  git config --global user.email "you@example.com"
  git config --global user.name "Your Name"

to set your account's default identity.
Omit --global to set the identity only in this repository.

fatal: unable to auto-detect email address (got 'kyle@kyle-Spectre.(none)')
> git config --get-all user.name
> git ls-tree -l HEAD -- /media/kyle/shared_fs_mountpoint/Documents/Academic/Neuromatch Academy/NMA_Project_Ruby_Ermines/Code/Tests/download_data.py
> git show --textconv HEAD:Code/Tests/download_data.py
> git status -z -u
> git symbolic-ref --short HEAD
> git rev-parse Testing
> git rev-parse --symbolic-full-name Testing@{u}
> git rev-list --left-right Testing...refs/remotes/origin/Testing
> git for-each-ref --sort -committerdate --format %(refname) %(objectname)
> git remote --verbose
> git config --get commit.template
> git commit --quiet --allow-empty-message --file -
> git status -z -u
> git symbolic-ref --short HEAD
> git rev-parse Testing
> git rev-parse --symbolic-full-name Testing@{u}
> git rev-list --left-right Testing...refs/remotes/origin/Testing
> git for-each-ref --sort -committerdate --format %(refname) %(objectname)
> git remote --verbose
> git config --get commit.template
> git config --get commit.template
> git ls-tree -l HEAD -- /media/kyle/shared_fs_mountpoint/Documents/Academic/Neuromatch Academy/NMA_Project_Ruby_Ermines/Code/Tests/download_data.py
> git show --textconv HEAD:Code/Tests/download_data.py
> git pull --tags origin Testing
From https://github.com/KylePoe/NMA_Project_Ruby_Ermines
 * branch            Testing    -> FETCH_HEAD
> git push origin Testing:Testing
> git ls-tree -l HEAD -- /media/kyle/shared_fs_mountpoint/Documents/Academic/Neuromatch Academy/NMA_Project_Ruby_Ermines/Code/Tests/download_data.py
> git show --textconv HEAD:Code/Tests/download_data.py
Missing or invalid credentials.
Error: socket hang up
    at connResetException (internal/errors.js:559:14)
    at Socket.socketOnEnd (_http_client.js:433:23)
    at Socket.emit (events.js:208:15)
    at endReadableNT (_stream_readable.js:1168:12)
    at processTicksAndRejections (internal/process/task_queues.js:77:11) {
  code: 'ECONNRESET'
}
remote: No anonymous write access.
fatal: Authentication failed for 'https://github.com/KylePoe/NMA_Project_Ruby_Ermines.git/'
> git status -z -u
> git symbolic-ref --short HEAD
> git rev-parse Testing
> git rev-parse --symbolic-full-name Testing@{u}
> git rev-list --left-right Testing...refs/remotes/origin/Testing
> git for-each-ref --sort -committerdate --format %(refname) %(objectname)
> git remote --verbose
> git config --get commit.template
