[2020-06-16 04:49:12.193] [exthost] [info] extension host started
[2020-06-16 04:49:12.205] [exthost] [info] ExtensionService#_doActivateExtension vscode.python {"startup":false,"extensionId":{"value":"vscode.python","_lower":"vscode.python"},"activationEvent":"onLanguage:python"}
[2020-06-16 04:49:12.205] [exthost] [info] ExtensionService#loadCommonJSModule file:///snap/code/34/usr/share/code/resources/app/extensions/python/dist/pythonMain
[2020-06-16 04:49:12.207] [exthost] [info] ExtensionService#_doActivateExtension ms-python.python {"startup":false,"extensionId":{"value":"ms-python.python","_lower":"ms-python.python"},"activationEvent":"onLanguage:python"}
[2020-06-16 04:49:12.207] [exthost] [info] ExtensionService#loadCommonJSModule file:///home/kyle/.vscode/extensions/ms-python.python-2020.5.86806/out/client/extension
[2020-06-16 04:49:12.365] [exthost] [info] ExtensionService#_doActivateExtension vscode.debug-auto-launch {"startup":true,"extensionId":{"value":"vscode.debug-auto-launch","_lower":"vscode.debug-auto-launch"},"activationEvent":"*"}
[2020-06-16 04:49:12.366] [exthost] [info] ExtensionService#loadCommonJSModule file:///snap/code/34/usr/share/code/resources/app/extensions/debug-auto-launch/dist/extension
[2020-06-16 04:49:12.369] [exthost] [info] ExtensionService#_doActivateExtension vscode.emmet {"startup":true,"extensionId":{"value":"vscode.emmet","_lower":"vscode.emmet"},"activationEvent":"*"}
[2020-06-16 04:49:12.369] [exthost] [info] ExtensionService#loadCommonJSModule file:///snap/code/34/usr/share/code/resources/app/extensions/emmet/dist/extension
[2020-06-16 04:49:12.384] [exthost] [info] ExtensionService#_doActivateExtension vscode.git {"startup":true,"extensionId":{"value":"vscode.github","_lower":"vscode.github"},"activationEvent":"*"}
[2020-06-16 04:49:12.384] [exthost] [info] ExtensionService#loadCommonJSModule file:///snap/code/34/usr/share/code/resources/app/extensions/git/dist/main
[2020-06-16 04:49:12.412] [exthost] [info] ExtensionService#_doActivateExtension vscode.github-authentication {"startup":true,"extensionId":{"value":"vscode.github-authentication","_lower":"vscode.github-authentication"},"activationEvent":"*"}
[2020-06-16 04:49:12.412] [exthost] [info] ExtensionService#loadCommonJSModule file:///snap/code/34/usr/share/code/resources/app/extensions/github-authentication/dist/extension.js
[2020-06-16 04:49:12.417] [exthost] [info] ExtensionService#_doActivateExtension vscode.merge-conflict {"startup":true,"extensionId":{"value":"vscode.merge-conflict","_lower":"vscode.merge-conflict"},"activationEvent":"*"}
[2020-06-16 04:49:12.417] [exthost] [info] ExtensionService#loadCommonJSModule file:///snap/code/34/usr/share/code/resources/app/extensions/merge-conflict/dist/extension
[2020-06-16 04:49:12.420] [exthost] [info] ExtensionService#_doActivateExtension vscode.microsoft-authentication {"startup":true,"extensionId":{"value":"vscode.microsoft-authentication","_lower":"vscode.microsoft-authentication"},"activationEvent":"*"}
[2020-06-16 04:49:12.420] [exthost] [info] ExtensionService#loadCommonJSModule file:///snap/code/34/usr/share/code/resources/app/extensions/microsoft-authentication/dist/extension.js
[2020-06-16 04:49:12.425] [exthost] [info] ExtensionService#_doActivateExtension vscode.search-result {"startup":true,"extensionId":{"value":"vscode.search-result","_lower":"vscode.search-result"},"activationEvent":"*"}
[2020-06-16 04:49:12.425] [exthost] [info] ExtensionService#loadCommonJSModule file:///snap/code/34/usr/share/code/resources/app/extensions/search-result/dist/extension.js
[2020-06-16 04:49:12.426] [exthost] [info] ExtensionService#_doActivateExtension asvetliakov.vscode-neovim {"startup":true,"extensionId":{"value":"asvetliakov.vscode-neovim","_lower":"asvetliakov.vscode-neovim"},"activationEvent":"*"}
[2020-06-16 04:49:12.426] [exthost] [info] ExtensionService#loadCommonJSModule file:///home/kyle/.vscode/extensions/asvetliakov.vscode-neovim-0.0.50/out/extension.js
[2020-06-16 04:49:13.038] [exthost] [info] ExtensionService#_doActivateExtension vscode.github {"startup":true,"extensionId":{"value":"vscode.github","_lower":"vscode.github"},"activationEvent":"*"}
[2020-06-16 04:49:13.038] [exthost] [info] ExtensionService#loadCommonJSModule file:///snap/code/34/usr/share/code/resources/app/extensions/github/dist/extension.js
[2020-06-16 04:49:13.120] [exthost] [info] eager extensions activated
[2020-06-16 12:00:37.329] [exthost] [info] extension host started
[2020-06-16 12:00:37.369] [exthost] [info] ExtensionService#_doActivateExtension vscode.debug-auto-launch {"startup":true,"extensionId":{"value":"vscode.debug-auto-launch","_lower":"vscode.debug-auto-launch"},"activationEvent":"*"}
[2020-06-16 12:00:37.369] [exthost] [info] ExtensionService#loadCommonJSModule file:///snap/code/34/usr/share/code/resources/app/extensions/debug-auto-launch/dist/extension
[2020-06-16 12:00:37.371] [exthost] [info] ExtensionService#_doActivateExtension vscode.emmet {"startup":true,"extensionId":{"value":"vscode.emmet","_lower":"vscode.emmet"},"activationEvent":"*"}
[2020-06-16 12:00:37.371] [exthost] [info] ExtensionService#loadCommonJSModule file:///snap/code/34/usr/share/code/resources/app/extensions/emmet/dist/extension
[2020-06-16 12:00:37.378] [exthost] [info] ExtensionService#_doActivateExtension vscode.git {"startup":true,"extensionId":{"value":"vscode.github","_lower":"vscode.github"},"activationEvent":"*"}
[2020-06-16 12:00:37.378] [exthost] [info] ExtensionService#loadCommonJSModule file:///snap/code/34/usr/share/code/resources/app/extensions/git/dist/main
[2020-06-16 12:00:37.389] [exthost] [info] ExtensionService#_doActivateExtension vscode.github-authentication {"startup":true,"extensionId":{"value":"vscode.github-authentication","_lower":"vscode.github-authentication"},"activationEvent":"*"}
[2020-06-16 12:00:37.389] [exthost] [info] ExtensionService#loadCommonJSModule file:///snap/code/34/usr/share/code/resources/app/extensions/github-authentication/dist/extension.js
[2020-06-16 12:00:37.391] [exthost] [info] ExtensionService#_doActivateExtension vscode.merge-conflict {"startup":true,"extensionId":{"value":"vscode.merge-conflict","_lower":"vscode.merge-conflict"},"activationEvent":"*"}
[2020-06-16 12:00:37.391] [exthost] [info] ExtensionService#loadCommonJSModule file:///snap/code/34/usr/share/code/resources/app/extensions/merge-conflict/dist/extension
[2020-06-16 12:00:37.393] [exthost] [info] ExtensionService#_doActivateExtension vscode.microsoft-authentication {"startup":true,"extensionId":{"value":"vscode.microsoft-authentication","_lower":"vscode.microsoft-authentication"},"activationEvent":"*"}
[2020-06-16 12:00:37.393] [exthost] [info] ExtensionService#loadCommonJSModule file:///snap/code/34/usr/share/code/resources/app/extensions/microsoft-authentication/dist/extension.js
[2020-06-16 12:00:37.395] [exthost] [info] ExtensionService#_doActivateExtension vscode.search-result {"startup":true,"extensionId":{"value":"vscode.search-result","_lower":"vscode.search-result"},"activationEvent":"*"}
[2020-06-16 12:00:37.395] [exthost] [info] ExtensionService#loadCommonJSModule file:///snap/code/34/usr/share/code/resources/app/extensions/search-result/dist/extension.js
[2020-06-16 12:00:37.396] [exthost] [info] ExtensionService#_doActivateExtension asvetliakov.vscode-neovim {"startup":true,"extensionId":{"value":"asvetliakov.vscode-neovim","_lower":"asvetliakov.vscode-neovim"},"activationEvent":"*"}
[2020-06-16 12:00:37.396] [exthost] [info] ExtensionService#loadCommonJSModule file:///home/kyle/.vscode/extensions/asvetliakov.vscode-neovim-0.0.50/out/extension.js
[2020-06-16 12:00:37.596] [exthost] [info] ExtensionService#_doActivateExtension vscode.github {"startup":true,"extensionId":{"value":"vscode.github","_lower":"vscode.github"},"activationEvent":"*"}
[2020-06-16 12:00:37.596] [exthost] [info] ExtensionService#loadCommonJSModule file:///snap/code/34/usr/share/code/resources/app/extensions/github/dist/extension.js
[2020-06-16 12:00:37.693] [exthost] [info] eager extensions activated
[2020-06-16 12:00:39.462] [exthost] [info] ExtensionService#_doActivateExtension vscode.python {"startup":false,"extensionId":{"value":"vscode.python","_lower":"vscode.python"},"activationEvent":"onLanguage:python"}
[2020-06-16 12:00:39.462] [exthost] [info] ExtensionService#loadCommonJSModule file:///snap/code/34/usr/share/code/resources/app/extensions/python/dist/pythonMain
[2020-06-16 12:00:39.463] [exthost] [info] ExtensionService#_doActivateExtension ms-python.python {"startup":false,"extensionId":{"value":"ms-python.python","_lower":"ms-python.python"},"activationEvent":"onLanguage:python"}
[2020-06-16 12:00:39.463] [exthost] [info] ExtensionService#loadCommonJSModule file:///home/kyle/.vscode/extensions/ms-python.python-2020.5.86806/out/client/extension
[2020-06-16 12:17:53.030] [exthost] [info] ExtensionService#_doActivateExtension ms-vscode.js-debug {"startup":false,"extensionId":{"value":"ms-vscode.js-debug","_lower":"ms-vscode.js-debug"},"activationEvent":"onDebugInitialConfigurations"}
[2020-06-16 12:17:53.030] [exthost] [info] ExtensionService#loadCommonJSModule file:///snap/code/34/usr/share/code/resources/app/extensions/ms-vscode.js-debug/src/extension.js
[2020-06-16 12:17:53.166] [exthost] [info] ExtensionService#_doActivateExtension ms-vscode.node-debug2 {"startup":false,"extensionId":{"value":"ms-vscode.node-debug","_lower":"ms-vscode.node-debug"},"activationEvent":"onDebugInitialConfigurations"}
[2020-06-16 12:17:53.166] [exthost] [info] ExtensionService#loadCommonJSModule file:///snap/code/34/usr/share/code/resources/app/extensions/ms-vscode.node-debug2/out/src/extension
[2020-06-16 12:17:53.174] [exthost] [info] ExtensionService#_doActivateExtension ms-vscode.node-debug {"startup":false,"extensionId":{"value":"ms-vscode.node-debug","_lower":"ms-vscode.node-debug"},"activationEvent":"onDebugInitialConfigurations"}
[2020-06-16 12:17:53.174] [exthost] [info] ExtensionService#loadCommonJSModule file:///snap/code/34/usr/share/code/resources/app/extensions/ms-vscode.node-debug/dist/extension.js
[2020-06-16 12:17:57.839] [exthost] [info] ExtensionService#_doActivateExtension vscode.configuration-editing {"startup":false,"extensionId":{"value":"vscode.configuration-editing","_lower":"vscode.configuration-editing"},"activationEvent":"onLanguage:jsonc"}
[2020-06-16 12:17:57.839] [exthost] [info] ExtensionService#loadCommonJSModule file:///snap/code/34/usr/share/code/resources/app/extensions/configuration-editing/dist/extension
[2020-06-16 12:17:57.844] [exthost] [info] ExtensionService#_doActivateExtension vscode.json-language-features {"startup":false,"extensionId":{"value":"vscode.json-language-features","_lower":"vscode.json-language-features"},"activationEvent":"onLanguage:jsonc"}
[2020-06-16 12:17:57.844] [exthost] [info] ExtensionService#loadCommonJSModule file:///snap/code/34/usr/share/code/resources/app/extensions/json-language-features/client/dist/jsonMain
[2020-06-16 12:17:57.875] [exthost] [info] ExtensionService#_doActivateExtension vscode.typescript-language-features {"startup":false,"extensionId":{"value":"vscode.typescript-language-features","_lower":"vscode.typescript-language-features"},"activationEvent":"onLanguage:jsonc"}
[2020-06-16 12:17:57.875] [exthost] [info] ExtensionService#loadCommonJSModule file:///snap/code/34/usr/share/code/resources/app/extensions/typescript-language-features/dist/extension
