[2020-06-21 15:19:52.009] [exthost] [info] extension host started
[2020-06-21 15:19:52.025] [exthost] [info] ExtensionService#_doActivateExtension vscode.python {"startup":false,"extensionId":{"value":"vscode.python","_lower":"vscode.python"},"activationEvent":"onLanguage:python"}
[2020-06-21 15:19:52.026] [exthost] [info] ExtensionService#loadCommonJSModule file:///snap/code/35/usr/share/code/resources/app/extensions/python/dist/pythonMain
[2020-06-21 15:19:52.028] [exthost] [info] ExtensionService#_doActivateExtension ms-python.python {"startup":false,"extensionId":{"value":"ms-python.python","_lower":"ms-python.python"},"activationEvent":"onLanguage:python"}
[2020-06-21 15:19:52.028] [exthost] [info] ExtensionService#loadCommonJSModule file:///home/kyle/.vscode/extensions/ms-python.python-2020.6.88468/out/client/extension
[2020-06-21 15:19:52.193] [exthost] [info] ExtensionService#_doActivateExtension vscode.debug-auto-launch {"startup":true,"extensionId":{"value":"vscode.debug-auto-launch","_lower":"vscode.debug-auto-launch"},"activationEvent":"*"}
[2020-06-21 15:19:52.193] [exthost] [info] ExtensionService#loadCommonJSModule file:///snap/code/35/usr/share/code/resources/app/extensions/debug-auto-launch/dist/extension
[2020-06-21 15:19:52.195] [exthost] [info] ExtensionService#_doActivateExtension vscode.emmet {"startup":true,"extensionId":{"value":"vscode.emmet","_lower":"vscode.emmet"},"activationEvent":"*"}
[2020-06-21 15:19:52.196] [exthost] [info] ExtensionService#loadCommonJSModule file:///snap/code/35/usr/share/code/resources/app/extensions/emmet/dist/extension
[2020-06-21 15:19:52.215] [exthost] [info] ExtensionService#_doActivateExtension vscode.git {"startup":true,"extensionId":{"value":"vscode.github","_lower":"vscode.github"},"activationEvent":"*"}
[2020-06-21 15:19:52.215] [exthost] [info] ExtensionService#loadCommonJSModule file:///snap/code/35/usr/share/code/resources/app/extensions/git/dist/main
[2020-06-21 15:19:52.248] [exthost] [info] ExtensionService#_doActivateExtension vscode.github-authentication {"startup":true,"extensionId":{"value":"vscode.github-authentication","_lower":"vscode.github-authentication"},"activationEvent":"*"}
[2020-06-21 15:19:52.248] [exthost] [info] ExtensionService#loadCommonJSModule file:///snap/code/35/usr/share/code/resources/app/extensions/github-authentication/dist/extension.js
[2020-06-21 15:19:52.253] [exthost] [info] ExtensionService#_doActivateExtension vscode.merge-conflict {"startup":true,"extensionId":{"value":"vscode.merge-conflict","_lower":"vscode.merge-conflict"},"activationEvent":"*"}
[2020-06-21 15:19:52.253] [exthost] [info] ExtensionService#loadCommonJSModule file:///snap/code/35/usr/share/code/resources/app/extensions/merge-conflict/dist/extension
[2020-06-21 15:19:52.256] [exthost] [info] ExtensionService#_doActivateExtension vscode.microsoft-authentication {"startup":true,"extensionId":{"value":"vscode.microsoft-authentication","_lower":"vscode.microsoft-authentication"},"activationEvent":"*"}
[2020-06-21 15:19:52.256] [exthost] [info] ExtensionService#loadCommonJSModule file:///snap/code/35/usr/share/code/resources/app/extensions/microsoft-authentication/dist/extension.js
[2020-06-21 15:19:52.261] [exthost] [info] ExtensionService#_doActivateExtension vscode.search-result {"startup":true,"extensionId":{"value":"vscode.search-result","_lower":"vscode.search-result"},"activationEvent":"*"}
[2020-06-21 15:19:52.261] [exthost] [info] ExtensionService#loadCommonJSModule file:///snap/code/35/usr/share/code/resources/app/extensions/search-result/dist/extension.js
[2020-06-21 15:19:52.262] [exthost] [info] ExtensionService#_doActivateExtension asvetliakov.vscode-neovim {"startup":true,"extensionId":{"value":"asvetliakov.vscode-neovim","_lower":"asvetliakov.vscode-neovim"},"activationEvent":"*"}
[2020-06-21 15:19:52.262] [exthost] [info] ExtensionService#loadCommonJSModule file:///home/kyle/.vscode/extensions/asvetliakov.vscode-neovim-0.0.50/out/extension.js
[2020-06-21 15:19:53.128] [exthost] [info] ExtensionService#_doActivateExtension vscode.github {"startup":true,"extensionId":{"value":"vscode.github","_lower":"vscode.github"},"activationEvent":"*"}
[2020-06-21 15:19:53.129] [exthost] [info] ExtensionService#loadCommonJSModule file:///snap/code/35/usr/share/code/resources/app/extensions/github/dist/extension.js
[2020-06-21 15:19:53.219] [exthost] [info] eager extensions activated
[2020-06-21 15:20:40.162] [exthost] [info] ExtensionService#_doActivateExtension vscode.configuration-editing {"startup":false,"extensionId":{"value":"vscode.configuration-editing","_lower":"vscode.configuration-editing"},"activationEvent":"onLanguage:json"}
[2020-06-21 15:20:40.162] [exthost] [info] ExtensionService#loadCommonJSModule file:///snap/code/35/usr/share/code/resources/app/extensions/configuration-editing/dist/extension
[2020-06-21 15:20:40.168] [exthost] [info] ExtensionService#_doActivateExtension vscode.extension-editing {"startup":false,"extensionId":{"value":"vscode.extension-editing","_lower":"vscode.extension-editing"},"activationEvent":"onLanguage:json"}
[2020-06-21 15:20:40.168] [exthost] [info] ExtensionService#loadCommonJSModule file:///snap/code/35/usr/share/code/resources/app/extensions/extension-editing/dist/extension
[2020-06-21 15:20:40.178] [exthost] [info] ExtensionService#_doActivateExtension vscode.json-language-features {"startup":false,"extensionId":{"value":"vscode.json-language-features","_lower":"vscode.json-language-features"},"activationEvent":"onLanguage:json"}
[2020-06-21 15:20:40.178] [exthost] [info] ExtensionService#loadCommonJSModule file:///snap/code/35/usr/share/code/resources/app/extensions/json-language-features/client/dist/jsonMain
[2020-06-21 15:20:40.194] [exthost] [info] ExtensionService#_doActivateExtension ms-vscode.js-debug {"startup":false,"extensionId":{"value":"ms-vscode.js-debug","_lower":"ms-vscode.js-debug"},"activationEvent":"onLanguage:json"}
[2020-06-21 15:20:40.194] [exthost] [info] ExtensionService#loadCommonJSModule file:///snap/code/35/usr/share/code/resources/app/extensions/ms-vscode.js-debug/src/extension.js
[2020-06-21 15:20:40.333] [exthost] [info] ExtensionService#_doActivateExtension vscode.npm {"startup":false,"extensionId":{"value":"vscode.npm","_lower":"vscode.npm"},"activationEvent":"onLanguage:json"}
[2020-06-21 15:20:40.333] [exthost] [info] ExtensionService#loadCommonJSModule file:///snap/code/35/usr/share/code/resources/app/extensions/npm/dist/main
[2020-06-21 15:20:55.951] [exthost] [info] ExtensionService#_doActivateExtension vscode.typescript-language-features {"startup":false,"extensionId":{"value":"vscode.typescript-language-features","_lower":"vscode.typescript-language-features"},"activationEvent":"onLanguage:javascript"}
[2020-06-21 15:20:55.951] [exthost] [info] ExtensionService#loadCommonJSModule file:///snap/code/35/usr/share/code/resources/app/extensions/typescript-language-features/dist/extension
